Traceback (most recent call last):
  File "/usr/local/lib/python3.10/dist-packages/jupyter_cache/executors/utils.py", line 58, in single_nb_execution
    executenb(
  File "/usr/local/lib/python3.10/dist-packages/nbclient/client.py", line 1305, in execute
    return NotebookClient(nb=nb, resources=resources, km=km, **kwargs).execute()
  File "/usr/local/lib/python3.10/dist-packages/jupyter_core/utils/__init__.py", line 173, in wrapped
    return loop.run_until_complete(inner)
  File "/usr/lib/python3.10/asyncio/base_events.py", line 649, in run_until_complete
    return future.result()
  File "/usr/local/lib/python3.10/dist-packages/nbclient/client.py", line 705, in async_execute
    await self.async_execute_cell(
  File "/usr/local/lib/python3.10/dist-packages/nbclient/client.py", line 1058, in async_execute_cell
    await self._check_raise_for_error(cell, cell_index, exec_reply)
  File "/usr/local/lib/python3.10/dist-packages/nbclient/client.py", line 914, in _check_raise_for_error
    raise CellExecutionError.from_cell_and_msg(cell, exec_reply_content)
nbclient.exceptions.CellExecutionError: An error occurred while executing the following cell:
------------------
import requests
from bs4 import BeautifulSoup
import csv

def scrape_detik():
    url = 'https://www.detik.com/search/searchnews?query=pemilu+2024&sortby=time&page=1'
    req = requests.get(url)
    sop = BeautifulSoup(req.text, 'html.parser')
    li = sop.find('div', class_='list media_rows list-berita')
    lin = li.find_all('article')

    x = lin[0]  # Ambil hanya satu artikel, yaitu yang pertama
    link = x.find('a')['href']
    date = x.find('a').find('span', class_='date').text.replace('WIB','').replace('detikNews','').split(',')[1]
    headline = x.find('a').find('h2').text

    ge_ = requests.get(link).text
    sop_ = BeautifulSoup(ge_, 'html.parser')
    content = sop_.find('div', class_='detail__body-text itp_bodycontent')

    paragraphs = content.find_all('p')
    content_ = ''.join([p.get_text(strip=True) for p in paragraphs])

    return content_

# Panggil fungsi untuk scraping satu artikel
data = scrape_detik()
print(data)
------------------


[0;31m---------------------------------------------------------------------------[0m
[0;31mAttributeError[0m                            Traceback (most recent call last)
[0;32m<ipython-input-1-20d9d6227fcd>[0m in [0;36m<cell line: 27>[0;34m()[0m
[1;32m     25[0m [0;34m[0m[0m
[1;32m     26[0m [0;31m# Panggil fungsi untuk scraping satu artikel[0m[0;34m[0m[0;34m[0m[0m
[0;32m---> 27[0;31m [0mdata[0m [0;34m=[0m [0mscrape_detik[0m[0;34m([0m[0;34m)[0m[0;34m[0m[0;34m[0m[0m
[0m[1;32m     28[0m [0mprint[0m[0;34m([0m[0mdata[0m[0;34m)[0m[0;34m[0m[0;34m[0m[0m

[0;32m<ipython-input-1-20d9d6227fcd>[0m in [0;36mscrape_detik[0;34m()[0m
[1;32m     19[0m     [0mcontent[0m [0;34m=[0m [0msop_[0m[0;34m.[0m[0mfind[0m[0;34m([0m[0;34m'div'[0m[0;34m,[0m [0mclass_[0m[0;34m=[0m[0;34m'detail__body-text itp_bodycontent'[0m[0;34m)[0m[0;34m[0m[0;34m[0m[0m
[1;32m     20[0m [0;34m[0m[0m
[0;32m---> 21[0;31m     [0mparagraphs[0m [0;34m=[0m [0mcontent[0m[0;34m.[0m[0mfind_all[0m[0;34m([0m[0;34m'p'[0m[0;34m)[0m[0;34m[0m[0;34m[0m[0m
[0m[1;32m     22[0m     [0mcontent_[0m [0;34m=[0m [0;34m''[0m[0;34m.[0m[0mjoin[0m[0;34m([0m[0;34m[[0m[0mp[0m[0;34m.[0m[0mget_text[0m[0;34m([0m[0mstrip[0m[0;34m=[0m[0;32mTrue[0m[0;34m)[0m [0;32mfor[0m [0mp[0m [0;32min[0m [0mparagraphs[0m[0;34m][0m[0;34m)[0m[0;34m[0m[0;34m[0m[0m
[1;32m     23[0m [0;34m[0m[0m

[0;31mAttributeError[0m: 'NoneType' object has no attribute 'find_all'

